<?xml version="1.0" encoding="UTF-8"?>
<!-- Generated by org.testng.reporters.JUnitXMLReporter -->
<testsuite ignored="0" hostname="DESKTOP-5Q1E1SE" failures="1" tests="1" name="NetBanking App Test" time="29.462" errors="0" timestamp="12 Jun 2023 14:24:16 GMT">
  <testcase classname="com.netbankV1.testCases.TC_AddCustomer_003" name="addNewCustomer" time="17.353">
    <failure type="java.lang.AssertionError" message="expected [true] but found [false]">
      <![CDATA[java.lang.AssertionError: expected [true] but found [false]
at com.netbankV1.testCases.TC_AddCustomer_003.addNewCustomer(TC_AddCustomer_003.java:66)
... Removed 27 stack frames]]>
    </failure>
  </testcase> <!-- addNewCustomer -->
</testsuite> <!-- NetBanking App Test -->
